<?xml version="1.0" encoding="UTF-8"?>
<!-- Generated by org.testng.reporters.JUnitXMLReporter -->
<testsuite ignored="13" hostname="Kevin" failures="0" tests="1" name="Default test" time="4.977" errors="0" timestamp="2026-03-11T11:02:43 IST">
  <testcase classname="SafeHands_Packages.RegisterPage" name="@BeforeTest BeforeTest" time="4.829">
    <failure type="org.openqa.selenium.WebDriverException" message="unknown error: net::ERR_CONNECTION_REFUSED
  (Session info: chrome=145.0.7632.162)
Build info: version: &amp;apos;4.8.2&amp;apos;, revision: &amp;apos;826dbfc730&amp;apos;
System info: os.name: &amp;apos;Windows 11&amp;apos;, os.arch: &amp;apos;amd64&amp;apos;, os.version: &amp;apos;10.0&amp;apos;, java.version: &amp;apos;21.0.9&amp;apos;
Driver info: org.openqa.selenium.chrome.ChromeDriver
Command: [e1883e68d3d79088e744ddc985279d95, get {url=http://127.0.0.1:8000/register/}]
Capabilities {acceptInsecureCerts: false, browserName: chrome, browserVersion: 145.0.7632.162, chrome: {chromedriverVersion: 145.0.7632.117 (de4e5d6e13b..., userDataDir: C:\Users\hp\AppData\Local\T...}, fedcm:accounts: true, goog:chromeOptions: {debuggerAddress: localhost:56684}, goog:processID: 27860, networkConnectionEnabled: false, pageLoadStrategy: normal, platformName: WINDOWS, proxy: Proxy(), se:cdp: ws://localhost:56684/devtoo..., se:cdpVersion: 145.0.7632.162, setWindowRect: true, strictFileInteractability: false, timeouts: {implicit: 0, pageLoad: 300000, script: 30000}, unhandledPromptBehavior: dismiss and notify, webauthn:extension:credBlob: true, webauthn:extension:largeBlob: true, webauthn:extension:minPinLength: true, webauthn:extension:prf: true, webauthn:virtualAuthenticators: true}
Session ID: e1883e68d3d79088e744ddc985279d95">
      <![CDATA[org.openqa.selenium.WebDriverException: unknown error: net::ERR_CONNECTION_REFUSED
  (Session info: chrome=145.0.7632.162)
Build info: version: '4.8.2', revision: '826dbfc730'
System info: os.name: 'Windows 11', os.arch: 'amd64', os.version: '10.0', java.version: '21.0.9'
Driver info: org.openqa.selenium.chrome.ChromeDriver
Command: [e1883e68d3d79088e744ddc985279d95, get {url=http://127.0.0.1:8000/register/}]
Capabilities {acceptInsecureCerts: false, browserName: chrome, browserVersion: 145.0.7632.162, chrome: {chromedriverVersion: 145.0.7632.117 (de4e5d6e13b..., userDataDir: C:\Users\hp\AppData\Local\T...}, fedcm:accounts: true, goog:chromeOptions: {debuggerAddress: localhost:56684}, goog:processID: 27860, networkConnectionEnabled: false, pageLoadStrategy: normal, platformName: WINDOWS, proxy: Proxy(), se:cdp: ws://localhost:56684/devtoo..., se:cdpVersion: 145.0.7632.162, setWindowRect: true, strictFileInteractability: false, timeouts: {implicit: 0, pageLoad: 300000, script: 30000}, unhandledPromptBehavior: dismiss and notify, webauthn:extension:credBlob: true, webauthn:extension:largeBlob: true, webauthn:extension:minPinLength: true, webauthn:extension:prf: true, webauthn:virtualAuthenticators: true}
Session ID: e1883e68d3d79088e744ddc985279d95
at java.base/jdk.internal.reflect.DirectConstructorHandleAccessor.newInstance(DirectConstructorHandleAccessor.java:62)
at java.base/java.lang.reflect.Constructor.newInstanceWithCaller(Constructor.java:502)
at java.base/java.lang.reflect.Constructor.newInstance(Constructor.java:486)
at org.openqa.selenium.remote.codec.w3c.W3CHttpResponseCodec.createException(W3CHttpResponseCodec.java:200)
at org.openqa.selenium.remote.codec.w3c.W3CHttpResponseCodec.decode(W3CHttpResponseCodec.java:133)
at org.openqa.selenium.remote.codec.w3c.W3CHttpResponseCodec.decode(W3CHttpResponseCodec.java:53)
at org.openqa.selenium.remote.HttpCommandExecutor.execute(HttpCommandExecutor.java:193)
at org.openqa.selenium.remote.service.DriverCommandExecutor.invokeExecute(DriverCommandExecutor.java:183)
at org.openqa.selenium.remote.service.DriverCommandExecutor.execute(DriverCommandExecutor.java:158)
at org.openqa.selenium.remote.RemoteWebDriver.execute(RemoteWebDriver.java:543)
at org.openqa.selenium.remote.RemoteWebDriver.get(RemoteWebDriver.java:297)
at SafeHands_Packages.RegisterPage.BeforeTest(RegisterPage.java:28)
at java.base/jdk.internal.reflect.DirectMethodHandleAccessor.invoke(DirectMethodHandleAccessor.java:103)
at java.base/java.lang.reflect.Method.invoke(Method.java:580)
at org.testng.internal.invokers.MethodInvocationHelper.invokeMethod(MethodInvocationHelper.java:141)
at org.testng.internal.invokers.MethodInvocationHelper.invokeMethodConsideringTimeout(MethodInvocationHelper.java:71)
at org.testng.internal.invokers.ConfigInvoker.invokeConfigurationMethod(ConfigInvoker.java:400)
at org.testng.internal.invokers.ConfigInvoker.invokeConfigurations(ConfigInvoker.java:333)
at org.testng.TestRunner.invokeTestConfigurations(TestRunner.java:657)
at org.testng.TestRunner.beforeRun(TestRunner.java:646)
at org.testng.TestRunner.run(TestRunner.java:612)
at org.testng.SuiteRunner.runTest(SuiteRunner.java:421)
at org.testng.SuiteRunner.runSequentially(SuiteRunner.java:413)
at org.testng.SuiteRunner.privateRun(SuiteRunner.java:373)
at org.testng.SuiteRunner.run(SuiteRunner.java:312)
at org.testng.SuiteRunnerWorker.runSuite(SuiteRunnerWorker.java:52)
at org.testng.SuiteRunnerWorker.run(SuiteRunnerWorker.java:95)
at org.testng.TestNG.runSuitesSequentially(TestNG.java:1274)
at org.testng.TestNG.runSuitesLocally(TestNG.java:1208)
at org.testng.TestNG.runSuites(TestNG.java:1112)
at org.testng.TestNG.run(TestNG.java:1079)
at org.testng.remote.AbstractRemoteTestNG.run(AbstractRemoteTestNG.java:115)
at org.testng.remote.RemoteTestNG.initAndRun(RemoteTestNG.java:293)
at org.testng.remote.RemoteTestNG.main(RemoteTestNG.java:91)
]]>
    </failure>
  </testcase> <!-- @BeforeTest BeforeTest -->
  <testcase classname="SafeHands_Packages.RegisterPage" name="@AfterTest tearDown" time="0.0">
    <skipped/>
  </testcase> <!-- @AfterTest tearDown -->
  <testcase classname="SafeHands_Packages.RegisterPage" name="TestCase3" time="0.0">
    <skipped/>
  </testcase> <!-- TestCase3 -->
  <testcase classname="SafeHands_Packages.RegisterPage" name="TestCase14" time="0.0">
    <ignored/>
  </testcase> <!-- TestCase14 -->
  <testcase classname="SafeHands_Packages.RegisterPage" name="TestCase13" time="0.0">
    <ignored/>
  </testcase> <!-- TestCase13 -->
  <testcase classname="SafeHands_Packages.RegisterPage" name="TestCase5" time="0.0">
    <ignored/>
  </testcase> <!-- TestCase5 -->
  <testcase classname="SafeHands_Packages.RegisterPage" name="TestCase4" time="0.0">
    <ignored/>
  </testcase> <!-- TestCase4 -->
  <testcase classname="SafeHands_Packages.RegisterPage" name="TestCase2" time="0.0">
    <ignored/>
  </testcase> <!-- TestCase2 -->
  <testcase classname="SafeHands_Packages.RegisterPage" name="TestCase9" time="0.0">
    <ignored/>
  </testcase> <!-- TestCase9 -->
  <testcase classname="SafeHands_Packages.RegisterPage" name="TestCase8" time="0.0">
    <ignored/>
  </testcase> <!-- TestCase8 -->
  <testcase classname="SafeHands_Packages.RegisterPage" name="TestCase7" time="0.0">
    <ignored/>
  </testcase> <!-- TestCase7 -->
  <testcase classname="SafeHands_Packages.RegisterPage" name="TestCase6" time="0.0">
    <ignored/>
  </testcase> <!-- TestCase6 -->
  <testcase classname="SafeHands_Packages.RegisterPage" name="TestCase1" time="0.0">
    <ignored/>
  </testcase> <!-- TestCase1 -->
  <testcase classname="SafeHands_Packages.RegisterPage" name="TestCase12" time="0.0">
    <ignored/>
  </testcase> <!-- TestCase12 -->
  <testcase classname="SafeHands_Packages.RegisterPage" name="TestCase11" time="0.0">
    <ignored/>
  </testcase> <!-- TestCase11 -->
  <testcase classname="SafeHands_Packages.RegisterPage" name="TestCase10" time="0.0">
    <ignored/>
  </testcase> <!-- TestCase10 -->
</testsuite> <!-- Default test -->
